# JRE version: Java(TM) SE Runtime Environment (8.0_172-b11) (build 1.8.0_172-b11)
# Java VM: Java HotSpot(TM) 64-Bit Server VM (25.172-b11 mixed mode windows-amd64 compressed oops)
Heap:
 PSYoungGen      total 261120K, used 8745K [0x00000000d6000000, 0x00000000e7900000, 0x0000000100000000)
  eden space 249856K, 3% used [0x00000000d6000000,0x00000000d688a5e0,0x00000000e5400000)
  from space 11264K, 0% used [0x00000000e6e00000,0x00000000e6e00000,0x00000000e7900000)
  to   space 18432K, 0% used [0x00000000e5500000,0x00000000e5500000,0x00000000e6700000)
 ParOldGen       total 102912K, used 19346K [0x0000000082000000, 0x0000000088480000, 0x00000000d6000000)
  object space 102912K, 18% used [0x0000000082000000,0x00000000832e4b90,0x0000000088480000)
 Metaspace       used 57012K, capacity 59420K, committed 59800K, reserved 1101824K
  class space    used 7783K, capacity 8228K, committed 8360K, reserved 1048576K
GC Heap History (10 events):
Event: 54.977 GC heap before
{Heap before GC invocations=13 (full 3):
 PSYoungGen      total 261120K, used 10912K [0x00000000d6000000, 0x00000000e7900000, 0x0000000100000000)
  eden space 249856K, 0% used [0x00000000d6000000,0x00000000d6000000,0x00000000e5400000)
  from space 11264K, 96% used [0x00000000e6e00000,0x00000000e78a8330,0x00000000e7900000)
  to   space 18432K, 0% used [0x00000000e5500000,0x00000000e5500000,0x00000000e6700000)
 ParOldGen       total 79360K, used 21379K [0x0000000082000000, 0x0000000086d80000, 0x00000000d6000000)
  object space 79360K, 26% used [0x0000000082000000,0x00000000834e0f10,0x0000000086d80000)
 Metaspace       used 56607K, capacity 59046K, committed 59160K, reserved 1099776K
  class space    used 7707K, capacity 8161K, committed 8232K, reserved 1048576K
Event: 55.081 GC heap after
Heap after GC invocations=13 (full 3):
 PSYoungGen      total 261120K, used 0K [0x00000000d6000000, 0x00000000e7900000, 0x0000000100000000)
  eden space 249856K, 0% used [0x00000000d6000000,0x00000000d6000000,0x00000000e5400000)
  from space 11264K, 0% used [0x00000000e6e00000,0x00000000e6e00000,0x00000000e7900000)
  to   space 18432K, 0% used [0x00000000e5500000,0x00000000e5500000,0x00000000e6700000)
 ParOldGen       total 102912K, used 24858K [0x0000000082000000, 0x0000000088480000, 0x00000000d6000000)
  object space 102912K, 24% used [0x0000000082000000,0x00000000838468b8,0x0000000088480000)
 Metaspace       used 56603K, capacity 59040K, committed 59160K, reserved 1099776K
  class space    used 7707K, capacity 8160K, committed 8232K, reserved 1048576K
}
Event: 57.612 GC heap before
{Heap before GC invocations=14 (full 3):
 PSYoungGen      total 261120K, used 10907K [0x00000000d6000000, 0x00000000e7900000, 0x0000000100000000)
  eden space 249856K, 4% used [0x00000000d6000000,0x00000000d6aa6f60,0x00000000e5400000)
  from space 11264K, 0% used [0x00000000e6e00000,0x00000000e6e00000,0x00000000e7900000)
  to   space 18432K, 0% used [0x00000000e5500000,0x00000000e5500000,0x00000000e6700000)
 ParOldGen       total 102912K, used 24858K [0x0000000082000000, 0x0000000088480000, 0x00000000d6000000)
  object space 102912K, 24% used [0x0000000082000000,0x00000000838468b8,0x0000000088480000)
 Metaspace       used 56919K, capacity 59360K, committed 59416K, reserved 1103872K
  class space    used 7765K, capacity 8224K, committed 8232K, reserved 1048576K
Event: 57.617 GC heap after
Heap after GC invocations=14 (full 3):
 PSYoungGen      total 268288K, used 722K [0x00000000d6000000, 0x00000000e7900000, 0x0000000100000000)
  eden space 249856K, 0% used [0x00000000d6000000,0x00000000d6000000,0x00000000e5400000)
  from space 18432K, 3% used [0x00000000e5500000,0x00000000e55b48b8,0x00000000e6700000)
  to   space 11264K, 0% used [0x00000000e6e00000,0x00000000e6e00000,0x00000000e7900000)
 ParOldGen       total 102912K, used 24858K [0x0000000082000000, 0x0000000088480000, 0x00000000d6000000)
  object space 102912K, 24% used [0x0000000082000000,0x00000000838468b8,0x0000000088480000)
 Metaspace       used 56919K, capacity 59360K, committed 59416K, reserved 1103872K
  class space    used 7765K, capacity 8224K, committed 8232K, reserved 1048576K
}
Event: 57.617 GC heap before
{Heap before GC invocations=15 (full 4):
 PSYoungGen      total 268288K, used 722K [0x00000000d6000000, 0x00000000e7900000, 0x0000000100000000)
  eden space 249856K, 0% used [0x00000000d6000000,0x00000000d6000000,0x00000000e5400000)
  from space 18432K, 3% used [0x00000000e5500000,0x00000000e55b48b8,0x00000000e6700000)
  to   space 11264K, 0% used [0x00000000e6e00000,0x00000000e6e00000,0x00000000e7900000)
 ParOldGen       total 102912K, used 24858K [0x0000000082000000, 0x0000000088480000, 0x00000000d6000000)
  object space 102912K, 24% used [0x0000000082000000,0x00000000838468b8,0x0000000088480000)
 Metaspace       used 56919K, capacity 59360K, committed 59416K, reserved 1103872K
  class space    used 7765K, capacity 8224K, committed 8232K, reserved 1048576K
Event: 57.663 GC heap after
Heap after GC invocations=15 (full 4):
 PSYoungGen      total 268288K, used 0K [0x00000000d6000000, 0x00000000e7900000, 0x0000000100000000)
  eden space 249856K, 0% used [0x00000000d6000000,0x00000000d6000000,0x00000000e5400000)
  from space 18432K, 0% used [0x00000000e5500000,0x00000000e5500000,0x00000000e6700000)
  to   space 11264K, 0% used [0x00000000e6e00000,0x00000000e6e00000,0x00000000e7900000)
 ParOldGen       total 102912K, used 22391K [0x0000000082000000, 0x0000000088480000, 0x00000000d6000000)
  object space 102912K, 21% used [0x0000000082000000,0x00000000835ddc18,0x0000000088480000)
 Metaspace       used 56919K, capacity 59360K, committed 59416K, reserved 1101824K
  class space    used 7765K, capacity 8224K, committed 8232K, reserved 1048576K
}
Event: 57.663 GC heap before
{Heap before GC invocations=16 (full 4):
 PSYoungGen      total 268288K, used 0K [0x00000000d6000000, 0x00000000e7900000, 0x0000000100000000)
  eden space 249856K, 0% used [0x00000000d6000000,0x00000000d6000000,0x00000000e5400000)
  from space 18432K, 0% used [0x00000000e5500000,0x00000000e5500000,0x00000000e6700000)
  to   space 11264K, 0% used [0x00000000e6e00000,0x00000000e6e00000,0x00000000e7900000)
 ParOldGen       total 102912K, used 22391K [0x0000000082000000, 0x0000000088480000, 0x00000000d6000000)
  object space 102912K, 21% used [0x0000000082000000,0x00000000835ddc18,0x0000000088480000)
 Metaspace       used 56919K, capacity 59360K, committed 59416K, reserved 1105920K
  class space    used 7765K, capacity 8224K, committed 8232K, reserved 1048576K
Event: 57.664 GC heap after
Heap after GC invocations=16 (full 4):
 PSYoungGen      total 261120K, used 0K [0x00000000d6000000, 0x00000000e7900000, 0x0000000100000000)
  eden space 249856K, 0% used [0x00000000d6000000,0x00000000d6000000,0x00000000e5400000)
  from space 11264K, 0% used [0x00000000e6e00000,0x00000000e6e00000,0x00000000e7900000)
  to   space 18432K, 0% used [0x00000000e5500000,0x00000000e5500000,0x00000000e6700000)
 ParOldGen       total 102912K, used 22391K [0x0000000082000000, 0x0000000088480000, 0x00000000d6000000)
  object space 102912K, 21% used [0x0000000082000000,0x00000000835ddc18,0x0000000088480000)
 Metaspace       used 56919K, capacity 59360K, committed 59416K, reserved 1105920K
  class space    used 7765K, capacity 8224K, committed 8232K, reserved 1048576K
}
Event: 57.664 GC heap before
{Heap before GC invocations=17 (full 5):
 PSYoungGen      total 261120K, used 0K [0x00000000d6000000, 0x00000000e7900000, 0x0000000100000000)
  eden space 249856K, 0% used [0x00000000d6000000,0x00000000d6000000,0x00000000e5400000)
  from space 11264K, 0% used [0x00000000e6e00000,0x00000000e6e00000,0x00000000e7900000)
  to   space 18432K, 0% used [0x00000000e5500000,0x00000000e5500000,0x00000000e6700000)
 ParOldGen       total 102912K, used 22391K [0x0000000082000000, 0x0000000088480000, 0x00000000d6000000)
  object space 102912K, 21% used [0x0000000082000000,0x00000000835ddc18,0x0000000088480000)
 Metaspace       used 56919K, capacity 59360K, committed 59416K, reserved 1105920K
  class space    used 7765K, capacity 8224K, committed 8232K, reserved 1048576K
Event: 57.792 GC heap after
Heap after GC invocations=17 (full 5):
 PSYoungGen      total 261120K, used 0K [0x00000000d6000000, 0x00000000e7900000, 0x0000000100000000)
  eden space 249856K, 0% used [0x00000000d6000000,0x00000000d6000000,0x00000000e5400000)
  from space 11264K, 0% used [0x00000000e6e00000,0x00000000e6e00000,0x00000000e7900000)
  to   space 18432K, 0% used [0x00000000e5500000,0x00000000e5500000,0x00000000e6700000)
 ParOldGen       total 102912K, used 19346K [0x0000000082000000, 0x0000000088480000, 0x00000000d6000000)
  object space 102912K, 18% used [0x0000000082000000,0x00000000832e4b90,0x0000000088480000)
 Metaspace       used 56774K, capacity 59130K, committed 59416K, reserved 1101824K
  class space    used 7742K, capacity 8181K, committed 8232K, reserved 1048576K
}

